
-----
Test:  tests/test_googla_maps_api.py::Test_create_place::test_create_new_place (call)
Time:  2023-04-17 12:06:39.787322
Request method:  POST
Request URL:  https://rahulshettyacademy.com/maps/api/place/add/json?key=qaclick123

Response code:  200
Response text:  {"status":"OK","place_id":"c1721dc4b561f8667a1fbe68ee1c7c3a","scope":"APP","reference":"3120475e914bdb24a11984cbdc6ab3fb3120475e914bdb24a11984cbdc6ab3fb","id":"3120475e914bdb24a11984cbdc6ab3fb"}
Response headers:  {'Date': 'Mon, 17 Apr 2023 10:06:45 GMT', 'Server': 'Apache/2.4.41 (Ubuntu)', 'Access-Control-Allow-Origin': '*', 'Access-Control-Allow-Methods': 'POST', 'Access-Control-Max-Age': '3600', 'Access-Control-Allow-Headers': 'Content-Type, Access-Control-Allow-Headers, Authorization, X-Requested-With', 'Content-Length': '194', 'Keep-Alive': 'timeout=5, max=100', 'Connection': 'Keep-Alive', 'Content-Type': 'application/json;charset=UTF-8'}
Response cookies:  {}

-----

-----
Test:  tests/test_googla_maps_api.py::Test_create_place::test_create_new_place (call)
Time:  2023-04-17 12:06:40.395638
Request method:  GET
Request URL:  https://rahulshettyacademy.com/maps/api/place/get/json?key=qaclick123&place_id=c1721dc4b561f8667a1fbe68ee1c7c3a

Response code:  200
Response text:  {"location":{"latitude":"-38.383494","longitude":"33.427362"},"accuracy":"50","name":"Frontline house","phone_number":"(+91) 983 893 3937","address":"29, side layout, cohen 09","types":"shoe park,shop","website":"http:\/\/google.com","language":"French-IN"}
Response headers:  {'Date': 'Mon, 17 Apr 2023 10:06:45 GMT', 'Server': 'Apache/2.4.41 (Ubuntu)', 'Access-Control-Allow-Origin': '*', 'Access-Control-Allow-Methods': 'POST', 'Access-Control-Max-Age': '3600', 'Access-Control-Allow-Headers': 'Content-Type, Access-Control-Allow-Headers, Authorization, X-Requested-With', 'Content-Length': '257', 'Keep-Alive': 'timeout=5, max=100', 'Connection': 'Keep-Alive', 'Content-Type': 'application/json;charset=UTF-8'}
Response cookies:  {}

-----

-----
Test:  tests/test_googla_maps_api.py::Test_create_place::test_create_new_place (call)
Time:  2023-04-17 12:06:41.850245
Request method:  PUT
Request URL:  https://rahulshettyacademy.com/maps/api/place/update/json?key=qaclick123

Response code:  200
Response text:  {"msg":"Address successfully updated"}
Response headers:  {'Date': 'Mon, 17 Apr 2023 10:06:47 GMT', 'Server': 'Apache/2.4.41 (Ubuntu)', 'Access-Control-Allow-Origin': '*', 'Access-Control-Allow-Methods': 'POST', 'Access-Control-Max-Age': '3600', 'Access-Control-Allow-Headers': 'Content-Type, Access-Control-Allow-Headers, Authorization, X-Requested-With', 'Content-Length': '38', 'Keep-Alive': 'timeout=5, max=100', 'Connection': 'Keep-Alive', 'Content-Type': 'application/json;charset=UTF-8'}
Response cookies:  {}

-----

-----
Test:  tests/test_googla_maps_api.py::Test_create_place::test_create_new_place (call)
Time:  2023-04-17 12:06:44.923478
Request method:  GET
Request URL:  https://rahulshettyacademy.com/maps/api/place/get/json?key=qaclick123&place_id=c1721dc4b561f8667a1fbe68ee1c7c3a

Response code:  200
Response text:  {"location":{"latitude":"-38.383494","longitude":"33.427362"},"accuracy":"50","name":"Frontline house","phone_number":"(+91) 983 893 3937","address":"100 Lenina street, RU","types":"shoe park,shop","website":"http:\/\/google.com","language":"French-IN"}
Response headers:  {'Date': 'Mon, 17 Apr 2023 10:06:50 GMT', 'Server': 'Apache/2.4.41 (Ubuntu)', 'Access-Control-Allow-Origin': '*', 'Access-Control-Allow-Methods': 'POST', 'Access-Control-Max-Age': '3600', 'Access-Control-Allow-Headers': 'Content-Type, Access-Control-Allow-Headers, Authorization, X-Requested-With', 'Content-Length': '253', 'Keep-Alive': 'timeout=5, max=100', 'Connection': 'Keep-Alive', 'Content-Type': 'application/json;charset=UTF-8'}
Response cookies:  {}

-----

-----
Test:  tests/test_googla_maps_api.py::Test_create_place::test_create_new_place (call)
Time:  2023-04-17 12:06:46.481472
Request method:  DELETE
Request URL:  https://rahulshettyacademy.com/maps/api/place/delete/json?key=qaclick123

Response code:  200
Response text:  {"status":"OK"}
Response headers:  {'Date': 'Mon, 17 Apr 2023 10:06:51 GMT', 'Server': 'Apache/2.4.41 (Ubuntu)', 'Access-Control-Allow-Origin': '*', 'Access-Control-Allow-Methods': 'POST', 'Access-Control-Max-Age': '3600', 'Access-Control-Allow-Headers': 'Content-Type, Access-Control-Allow-Headers, Authorization, X-Requested-With', 'Content-Length': '15', 'Keep-Alive': 'timeout=5, max=100', 'Connection': 'Keep-Alive', 'Content-Type': 'application/json;charset=UTF-8'}
Response cookies:  {}

-----

-----
Test:  tests/test_googla_maps_api.py::Test_create_place::test_create_new_place (call)
Time:  2023-04-17 12:06:48.087357
Request method:  DELETE
Request URL:  https://rahulshettyacademy.com/maps/api/place/delete/json?key=qaclick123

Response code:  404
Response text:  {"msg":"Delete operation failed, looks like the data doesn't exists"}
Response headers:  {'Date': 'Mon, 17 Apr 2023 10:06:53 GMT', 'Server': 'Apache/2.4.41 (Ubuntu)', 'Access-Control-Allow-Origin': '*', 'Access-Control-Allow-Methods': 'POST', 'Access-Control-Max-Age': '3600', 'Access-Control-Allow-Headers': 'Content-Type, Access-Control-Allow-Headers, Authorization, X-Requested-With', 'Content-Length': '69', 'Keep-Alive': 'timeout=5, max=100', 'Connection': 'Keep-Alive', 'Content-Type': 'application/json;charset=UTF-8'}
Response cookies:  {}

-----
